/home/d351d3r/Nextcloud/
# timestamp | duration | file | instruction | dir | modtime | etag | size | fileId | status | errorString | http result code | other size | other modtime | other etag | other fileId | other instruction
#=#=#=# Syncrun started 2020-07-21T13:26:14Z
#=#=#=#=# Propagation starts 2020-07-21T13:26:21Z (last step: 6519 msec, total: 6519 msec)
||Documents|INST_NEW|Down|1593168409|5ef5d2193d5fa|0|00000009ocnyd38tmecj|4||0|0|0||||
||Music|INST_NEW|Down|1594214695|5f05c927a3cab|0|00000538ocnyd38tmecj|4||0|0|0||||
||Music/Electronic|INST_NEW|Down|1594214657|5f05c90165c11|0|00000539ocnyd38tmecj|4||0|0|0||||
||Notes|INST_NEW|Down|1594728082|5f0d9e923fed7|0|00000303ocnyd38tmecj|4||0|0|0||||
||Notes/КОБ|INST_NEW|Down|1594214557|5f05c89d6090a|0|00000349ocnyd38tmecj|4||0|0|0||||
||Photos|INST_NEW|Down|1593168409|5ef5d2196b1b3|0|00000015ocnyd38tmecj|4||0|0|0||||
||Talk|INST_NEW|Down|1594270268|5f06a23c59e22|0|00000854ocnyd38tmecj|4||0|0|0||||
||Новый каталог|INST_NEW|Down|1594399917|5f089cad26b13|0|00000871ocnyd38tmecj|4||0|0|0||||
13:26:25||Documents/Example.md|INST_NEW|Down|1593168409|da1821ee6cc7078088e4c6da6d87eb51|1095|00000013ocnyd38tmecj|4||0|0|0||||
13:26:25||Documents/Readme.md|INST_NEW|Down|1593168409|953e651bae8df01a2314ddc870f4fe17|136|00000012ocnyd38tmecj|4||0|0|0||||
13:26:25||Documents/Welcome to Nextcloud Hub.docx|INST_NEW|Down|1593168409|851d7279cb91226a0626da153af0a726|25150|00000011ocnyd38tmecj|4||0|0|0||||
13:26:25||Documents/Nextcloud flyer.pdf|INST_NEW|Down|1593168409|d5bed9faa6edc8ae1594eae6bd0c9223|374008|00000010ocnyd38tmecj|4||0|0|0||||
13:26:25||Music/Electronic/it seems life is dying [w- you must hate me].mp3|INST_NEW|Down|1587724520|ba378ed33221177fb0c36132af7ce9cf|5046537|00000565ocnyd38tmecj|4||0|0|0||||
13:26:25||Music/Electronic/freedom does not exist, it s all your imagination.mp3|INST_NEW|Down|1587724519|c00cae4ffbd38e603c8bfd525efcb267|7724585|00000568ocnyd38tmecj|4||0|0|0||||
13:26:25||Music/Electronic/Mark Isham - The Host Of Seraphim  (War Thunder)_ADMAw0TFk7E.mp3|INST_NEW|Down|1587724698|bd13182d51cfebdb333f26a172c97f88|6278871|00000571ocnyd38tmecj|4||0|0|0||||
13:26:26||Music/Electronic/make earthquake [w- you must hate me].mp3|INST_NEW|Down|1587724515|ae70a8bf5ddc59c77cfcbdfbbf8106ce|3306398|00000562ocnyd38tmecj|4||0|0|0||||
13:26:25||Music/Electronic/DXIUS LIIK x nozhevye raneniia - NNKsI_tx2uV_GOB68_320k.mp3|INST_NEW|Down|1587724698|77b7cd8790f6664c5ba22675c04c3327|10318551|00000577ocnyd38tmecj|4||0|0|0||||
13:26:34||Music/Electronic/the era of technologies, but of a not man.mp3|INST_NEW|Down|1587724518|a4477b399ee687a8554c50647e5439a9|4407664|00000574ocnyd38tmecj|4||0|0|0||||
13:26:35||Music/Electronic/Šốяяσώ - 1nc1dent (åpostol remix).mp3|INST_NEW|Down|1587724517|29880e178451983635b25cafa88831fd|3794621|00000583ocnyd38tmecj|4||0|0|0||||
13:26:26||Music/Electronic/souł crucifieđ.mp3|INST_NEW|Down|1587724516|3f79ec53dc0b1f339169382908d7cdae|6911126|00000580ocnyd38tmecj|4||0|0|0||||
13:26:41||Music/A young skinhead_UhwggIU70T8_320k.mp3|INST_NEW|Down|1587724758|ca1ea839881fff1de153cf9f220eaada|8117284|00000549ocnyd38tmecj|4||0|0|0||||
13:26:35||Music/4. Сбыться..mp3|INST_NEW|Down|1318604020|37dd723e6425400f06b99ba28974ea36|7389535|00000543ocnyd38tmecj|4||0|0|0||||
13:26:48||Music/ost_13_j_rajon_bez_nazvania_(5music.ru).mp3|INST_NEW|Down|1554600176|491b82aac13f2e47f26e0896ed8917e5|3091644|00000586ocnyd38tmecj|4||0|0|0||||
13:26:35||Music/7. Золотая тропа п.у. D-man55.mp3|INST_NEW|Down|1318604066|85ae117b71f56356ff02b4664e4e7629|8529557|00000554ocnyd38tmecj|4||0|0|0||||
13:26:53||Notes/КОБ/В современном обществе численно преобладают “люди” без самообладания, чьё поведение обусловлено инст.txt|INST_NEW|Down|1556281208|f81eba8665c5b17fedfc0446619b9ae7|667|00000359ocnyd38tmecj|4||0|0|0||||
13:26:53||Notes/КОБ/Друг – это тот, с кем тебя соединяет помимо духовной близости, общих целей и нравственных стандартов.txt|INST_NEW|Down|1554965393|a6be6c071b81cacea5a61394f1dc0298|1438|00000365ocnyd38tmecj|4||0|0|0||||
13:26:42||Music/Charlie Clouser – Convoy.mp3|INST_NEW|Down|1573390280|8f810cb1c68d9266953496ef61f966e0|7283673|00000546ocnyd38tmecj|4||0|0|0||||
13:26:53||Notes/КОБ/Если мы откланяемся от намеченного душой пути эволюционного развития, то она привлекает в нашу жизнь.txt|INST_NEW|Down|1554986694|b03eec81c73b39f42daf2f1ed92a7277|2120|00000362ocnyd38tmecj|4||0|0|0||||
13:26:53||Notes/КОБ/Если человек отказывается от информации, приходящей через жизненные обстоятельства от Бога (в т.ч. ч.txt|INST_NEW|Down|1557039467|914e34078071bcc063e29f689b59e3fa|2618|00000371ocnyd38tmecj|4||0|0|0||||
13:26:53||Notes/КОБ/Жизнь справедливо устроена таким образом, что вместе с полученной в ситуации информацией, человек по.txt|INST_NEW|Down|1556237187|60c9bf07f895179aae7cb9fabbb63c8c|3627|00000374ocnyd38tmecj|4||0|0|0||||
13:26:54||Notes/КОБ/Изначальные демографически обусловленные потребности в нашем обществе под влиянием культуры гипертро.txt|INST_NEW|Down|1556283042|257e8e7996f54656807e006ef4e49a2b|390|00000377ocnyd38tmecj|4||0|0|0||||
13:26:54||Notes/КОБ/Как мать родная. Его цель — разбудить в вас хорошего мальчика, который с детства приучен отвечать до.txt|INST_NEW|Down|1556282087|c6c483950b798e170c33de3874e4cb2b|589|00000380ocnyd38tmecj|4||0|0|0||||
13:26:54||Notes/КОБ/Как понять, что вы находитесь в чужой матрице и выйти из неё Показателей отклонения от пути вашего д.txt|INST_NEW|Down|1554986412|11ed242d3c47159e6a4228cb9c853f7b|1153|00000390ocnyd38tmecj|4||0|0|0||||
13:26:54||Notes/КОБ/При отсутствии у индивида воли в отношении выбора определённой концепции и её принятия, либо в выраб.txt|INST_NEW|Down|1556280148|b52c88910940aee3e753fa8fc3339e5a|664|00000482ocnyd38tmecj|4||0|0|0||||
13:26:54||Notes/КОБ/Общественная инициатива не может действовать без самодисциплины каждого из её участников, иначе она .txt|INST_NEW|Down|1556280585|ddea1160c04902356ff1ff1f07a09278|2813|00000401ocnyd38tmecj|4||0|0|0||||
13:26:54||Notes/КОБ/если с человеком происходит что-то на его взгляд плохое и недостойное, то, скорее всего, этот челове.txt|INST_NEW|Down|1555229002|447536b6433825302ea2ea8c63b68c34|540|00000370ocnyd38tmecj|4||0|0|0||||
13:26:54||Notes/make.conf.txt|INST_NEW|Down|1590255452|af63b6e22f070a1387f8c81ebdfa6761|5838|00000487ocnyd38tmecj|4||0|0|0||||
13:26:54||Notes/«Все, кто размышлял об искусстве управления людьми, убеждены, что судьбы империй зависят от воспитан.txt|INST_NEW|Down|1562938855|7064100789d0de72cc4077f73d4380c8|730|00000481ocnyd38tmecj|4||0|0|0||||
13:26:54||Notes/Больше всего тревог у людей, имеющих свободное время, живущих в комфорте, неорганизованных и не любя.txt|INST_NEW|Down|1555229025|f7be4efa375c3b40bdc23fefa9eea200|671|00000492ocnyd38tmecj|4||0|0|0||||
13:26:41||Music/CG Bros -Svoboda slova_pSfTQ5ytFj0_320k.mp3|INST_NEW|Down|1587724810|eac479b0431b5e53cea00f5e6ded7b57|10485760|00000558ocnyd38tmecj|4||0|0|0||||
13:26:55||Notes/Допустим, вы приводите один аргумент, и ваш собеседник опровергает его. Если после этого вы приведёт.txt|INST_NEW|Down|1555383703|34dd28972acb458016aa562681259038|434|00000327ocnyd38tmecj|4||0|0|0||||
13:26:55||Notes/Есть ли у вас вся полнота информации, чтобы сделать правильную оценку этих событий.txt|INST_NEW|Down|1556456249|06516e07340dd2ec9ea976f8b078c54f|259|00000329ocnyd38tmecj|4||0|0|0||||
13:26:48||Music/Коловрат – Узники совести.mp3|INST_NEW|Down|1573390218|932cf7b90d1273940d62208f0ecb88c6|6208332|00000589ocnyd38tmecj|4||0|0|0||||
13:26:55||Notes/Интересная мысль. Получать дофамин в большей степени от умственной работы, нежели чем он еды и проче.txt|INST_NEW|Down|1591798595|a8bbed4d362cdfd6f1f48cc36a0145e8|188|00000328ocnyd38tmecj|4||0|0|0||||
13:26:55||Notes/И когда рвутся мышечные волокна, происходит рост. Тоже самое - сила духа тренируется только через бо.txt|INST_NEW|Down|1577880579|d963078e98d149278538d952c1af7742|690|00000330ocnyd38tmecj|4||0|0|0||||
13:26:55||Notes/Мне трудно представить себе, какая может быть “личная свобода” у безработного, который ходит голодны.txt|INST_NEW|Down|1562852268|e7857e27f460fb1fad8fdd39abaa7718|2053|00000336ocnyd38tmecj|4||0|0|0||||
13:26:55||Notes/Как только вы начинаете детально изучать основные методы и технологии снижения нравственного и интел.txt|INST_NEW|Down|1562939313|17d6bbdbf21b37b35744c4fa069b046e|4368|00000333ocnyd38tmecj|4||0|0|0||||
13:26:55||Notes/Новый мировой порядок..txt|INST_NEW|Down|1589990801|0f8e303de04a6b028580b9e41a4eb53a|2549|00000339ocnyd38tmecj|4||0|0|0||||
13:26:55||Notes/Не надо путать страх с испугом – испуг – это следствие инстинкта самосохранения. Страх – это сформир.txt|INST_NEW|Down|1556456364|8270e70b95ba76cb2edd7bc08ced49b8|2735|00000342ocnyd38tmecj|4||0|0|0||||
13:26:55||Notes/Носителю необратимо сложившегося человечного типа строя психики — порнодейство не интересно, а если .txt|INST_NEW|Down|1562852322|9e12dc527f4d188fd1ee03cfb923b94f|2852|00000348ocnyd38tmecj|4||0|0|0||||
13:26:55||Notes/Новый текстовый документ.txt|INST_NEW|Down|1590072161|a7f052fcd4e490d15694f4528d1cec4b|1178|00000345ocnyd38tmecj|4||0|0|0||||
13:26:56||Notes/Печенье овсянное 0.5 кг.txt|INST_NEW|Down|1594728080|4e55344faadfa62000b0f241140090b5|41|00000923ocnyd38tmecj|4||0|0|0||||
13:26:56||Notes/Сладкое. Зачем мы едим сладкое Современные сладости не несут в себе ничего полезного, но вызывает у .txt|INST_NEW|Down|1554242197|c66f30fb0ebc2196478201a8be4cd8bf|1402|00000352ocnyd38tmecj|4||0|0|0||||
13:26:56||Notes/Табличка на входе в университет «Уничтожение любой нации не требует использования атомных бомб или и.txt|INST_NEW|Down|1558145051|5140809c019889d3266cbc8ee6472b90|7675|00000355ocnyd38tmecj|4||0|0|0||||
13:26:56||Photos/Frog.jpg|INST_NEW|Down|1593168409|92652f1f4b6b42bccf8c98613abc1d7c|457744|00000018ocnyd38tmecj|4||0|0|0||||
13:26:56||Photos/Gorilla.jpg|INST_NEW|Down|1593168409|f7f75b3e6382efa4f0f151851814d3ca|474653|00000016ocnyd38tmecj|4||0|0|0||||
13:26:56||Photos/Birdie.jpg|INST_NEW|Down|1593168409|f3f1ccfa767c3cb6cee2c1c5685df402|593508|00000019ocnyd38tmecj|4||0|0|0||||
13:26:57||Photos/Readme.md|INST_NEW|Down|1593168409|cbf4efbce7f6e0f2c1411a5d80789b6a|150|00000024ocnyd38tmecj|4||0|0|0||||
13:26:57||Photos/Toucan.jpg|INST_NEW|Down|1593168409|8ab26abb7d68896a33715a689cf434d0|167989|00000021ocnyd38tmecj|4||0|0|0||||
13:26:57||Photos/Steps.jpg|INST_NEW|Down|1593168409|ab183cd56f4f792f290ce6aea5844797|567689|00000017ocnyd38tmecj|4||0|0|0||||
13:26:58||Новый каталог/0F41AFBBD4FF8AFDB6F0968EF779A09E5813B44F.rev|INST_NEW|Down|1591892363|99eec02f8ff43acfe4407d0de938330d|2417|00000916ocnyd38tmecj|4||0|0|0||||
13:26:57||Photos/Nextcloud community.jpg|INST_NEW|Down|1593168409|4cd66b4df160550f8807c9a16521627b|797325|00000023ocnyd38tmecj|4||0|0|0||||
13:26:59||Новый каталог/DIR.txt|INST_NEW|Down|1591892907|814e17df4f3aaa398323d97fc1d83525|5|00000899ocnyd38tmecj|4||0|0|0||||
13:26:59||Новый каталог/Readme.md|INST_NEW|Down|1594399876|463d1eba32671d9ad386b97c4079bdc3|1|00000888ocnyd38tmecj|4||0|0|0||||
13:26:56||Photos/Library.jpg|INST_NEW|Down|1593168409|b582407981a335675f28f39db302c1ef|2170375|00000020ocnyd38tmecj|4||0|0|0||||
13:26:59||Новый каталог/d351d3r.asc|INST_NEW|Down|1592318018|30ebfdd512a6f10abddaf7be3f635a37|5661|00000885ocnyd38tmecj|4||0|0|0||||
13:26:59||Новый каталог/id_rsa|INST_NEW|Down|1591889477|0cf44f3212be1f14dcf738e9d9237925|3434|00000875ocnyd38tmecj|4||0|0|0||||
13:26:58||Photos/Vineyard.jpg|INST_NEW|Down|1593168409|fc7cda7def1cf815bd7bae214a68fe60|427030|00000022ocnyd38tmecj|4||0|0|0||||
13:26:59||Новый каталог/id_rsa.pub|INST_NEW|Down|1591889477|80fa1ddc0776e299683713e7f559a2b6|744|00000879ocnyd38tmecj|4||0|0|0||||
13:26:59||Новый каталог/pubring.kbx|INST_NEW|Down|1591892744|c04e5e06e4ce543082f99c4de5d3f42b|4423|00000913ocnyd38tmecj|4||0|0|0||||
13:26:59||Новый каталог/random_seed|INST_NEW|Down|1594221715|a205cdd2bc79dc636b128f3a51a7228a|600|00000910ocnyd38tmecj|4||0|0|0||||
13:26:59||Новый каталог/trustdb.gpg|INST_NEW|Down|1591892386|aab59f3762cb8b68658d91dd9f5e7ef3|1280|00000882ocnyd38tmecj|4||0|0|0||||
13:26:59||.wgetpaste.conf|INST_NEW|Down|1591759839|a865dc3a0a69e16e5dd59faee15b76a6|448|00000861ocnyd38tmecj|4||0|0|0||||
13:26:59||readme.txt|INST_NEW|Down|1592918407|5918d959b818689b86f4a9fc2141e008|43511|00000687ocnyd38tmecj|4||0|0|0||||
13:26:52||Music/Солдаты_Холодной_Войны_Агрессор(1).mp3|INST_NEW|Down|1573390216|d9a7b3896f7db6f952fa44faedd64684|11103171|00000595ocnyd38tmecj|4||0|0|0||||
13:26:46||Music/Luna   Sun Project.mp3|INST_NEW|Down|1573390276|c4e1baec2c9e3fef54c2de29bb1af198|18524475|00000599ocnyd38tmecj|4||0|0|0||||
#=#=#=# Syncrun finished 2020-07-21T13:27:09Z (last step: 48102 msec, total: 54622 msec)
#=#=#=# Syncrun started 2020-07-21T14:45:09Z
#=#=#=#=# Propagation starts 2020-07-21T14:45:10Z (last step: 1359 msec, total: 1359 msec)
#=#=#=# Syncrun finished 2020-07-21T14:45:10Z (last step: 12 msec, total: 1371 msec)
#=#=#=# Syncrun started 2020-07-25T14:41:46Z
#=#=#=#=# Propagation starts 2020-07-25T14:41:47Z (last step: 1457 msec, total: 1457 msec)
||Wallpapers Nord|INST_NEW|Down|1595655051|5f1bc38bcdc62|0|00001054ocnyd38tmecj|4||0|0|0||||
14:41:50||Wallpapers Nord/1216331.jpg|INST_NEW|Down|1589094952|1fa090ccf2504e67bae71139bd62231a|124331|00001061ocnyd38tmecj|4||0|0|0||||
14:41:50||Wallpapers Nord/1216348.jpg|INST_NEW|Down|1589094959|bd04ea84b49661d3e389fb8d32d7741f|44136|00001058ocnyd38tmecj|4||0|0|0||||
14:41:50||Wallpapers Nord/1216358.jpg|INST_NEW|Down|1589094979|47661c884a2e71f16e7ca95631df78a7|92119|00001064ocnyd38tmecj|4||0|0|0||||
14:41:50||Wallpapers Nord/1216414.jpg|INST_NEW|Down|1589095010|b73c8c85ed4f02fea2a0e372591ab66a|82101|00001067ocnyd38tmecj|4||0|0|0||||
14:41:50||Wallpapers Nord/1216485.jpg|INST_NEW|Down|1589095042|d5081fdad18a271d3b2a0383030ac1b2|68988|00001076ocnyd38tmecj|4||0|0|0||||
14:41:50||Wallpapers Nord/1213388.jpg|INST_NEW|Down|1589095128|cc743509fb0182a2354d395ce9966e65|383843|00001082ocnyd38tmecj|4||0|0|0||||
14:41:50||Wallpapers Nord/1216494.jpg|INST_NEW|Down|1589095050|89f056c91175b8fc227342eb6cdda6cf|154964|00001079ocnyd38tmecj|4||0|0|0||||
14:41:50||Wallpapers Nord/1216472.jpg|INST_NEW|Down|1589095037|031aa9b7ee697ed4cd237bb03f51545c|200770|00001070ocnyd38tmecj|4||0|0|0||||
14:41:51||Wallpapers Nord/1216595.jpg|INST_NEW|Down|1589095080|3b83fc9183dc74862457ac5ee55f0f01|295142|00001088ocnyd38tmecj|4||0|0|0||||
14:41:51||Wallpapers Nord/1216501.jpg|INST_NEW|Down|1589095059|32a02417ccd65649da44451d73898313|406981|00001094ocnyd38tmecj|4||0|0|0||||
14:41:50||Wallpapers Nord/1216423.jpg|INST_NEW|Down|1589095018|d3426d4193c94e868a6ccb38583f24a5|865140|00001115ocnyd38tmecj|4||0|0|0||||
14:41:51||Wallpapers Nord/1216572.jpg|INST_NEW|Down|1589095073|9f72b7fc869e1822e83cef4fd79a4597|74231|00001085ocnyd38tmecj|4||0|0|0||||
14:41:51||Wallpapers Nord/1216654.jpg|INST_NEW|Down|1589095102|af031816c4678f581106d856d917b5c4|63569|00001097ocnyd38tmecj|4||0|0|0||||
14:41:50||Wallpapers Nord/1216364.jpg|INST_NEW|Down|1589094988|0902ca270f42bb20830fec6f96a9181a|234113|00001073ocnyd38tmecj|4||0|0|0||||
14:41:51||Wallpapers Nord/1216619.jpg|INST_NEW|Down|1589095094|564937be1cc7f352c7b1a24b4137274e|215989|00001092ocnyd38tmecj|4||0|0|0||||
14:41:51||Wallpapers Nord/1216672.jpg|INST_NEW|Down|1589095114|17f3bb17eeb71135b96fd8341e5ad28d|147671|00001103ocnyd38tmecj|4||0|0|0||||
14:41:51||Wallpapers Nord/1216608.jpg|INST_NEW|Down|1589095087|ddbe7eaee881e473c1f3cf2767433f4e|432573|00001106ocnyd38tmecj|4||0|0|0||||
14:41:52||Wallpapers Nord/1216699.jpg|INST_NEW|Down|1589095135|4bccd043f68ef79d66dc08c50911d37a|218606|00001109ocnyd38tmecj|4||0|0|0||||
14:41:51||Wallpapers Nord/1216664.jpg|INST_NEW|Down|1589095108|8e779561f0483c0b51e44efb623a5624|74176|00001102ocnyd38tmecj|4||0|0|0||||
14:41:52||Wallpapers Nord/1216941.jpg|INST_NEW|Down|1589095175|4f94ed6b01893b2c0d469ed308fd522a|99138|00001118ocnyd38tmecj|4||0|0|0||||
14:41:52||Wallpapers Nord/1216893.jpg|INST_NEW|Down|1589095169|4433753b001934ed1e1d50468dc25de8|164018|00001112ocnyd38tmecj|4||0|0|0||||
14:41:52||Wallpapers Nord/1216725.jpg|INST_NEW|Down|1589095162|7c2154a3a4d1f55ceab4e5eeb7ce85eb|601847|00001142ocnyd38tmecj|4||0|0|0||||
14:41:52||Wallpapers Nord/1216977.jpg|INST_NEW|Down|1589095198|7635d6023d8e3fb736e06e5709ceba0b|78987|00001121ocnyd38tmecj|4||0|0|0||||
14:41:52||Wallpapers Nord/1216950.jpg|INST_NEW|Down|1589095190|c7a683f3efcbe85d1ff28b58d9afd1d6|343050|00001127ocnyd38tmecj|4||0|0|0||||
14:41:53||Wallpapers Nord/1216992.jpg|INST_NEW|Down|1589095211|d715de12f201db1134a7e2e13959d60f|68931|00001130ocnyd38tmecj|4||0|0|0||||
14:41:53||Wallpapers Nord/178372.png|INST_NEW|Down|1589095141|834d42f656bf11abd0e38a8094b2f9d3|107595|00001136ocnyd38tmecj|4||0|0|0||||
14:41:53||Wallpapers Nord/1216979.jpg|INST_NEW|Down|1589095205|775f6d64cccf6ebd8be975341789270b|216505|00001124ocnyd38tmecj|4||0|0|0||||
14:41:53||Wallpapers Nord/185923.jpg|INST_NEW|Down|1589095184|212cec0e25a1920c09ebbe38da76d8dd|239071|00001141ocnyd38tmecj|4||0|0|0||||
14:41:53||Wallpapers Nord/782894.jpg|INST_NEW|Down|1589094972|71f1c99a468f3a0ec577b48b33f50543|98901|00001145ocnyd38tmecj|4||0|0|0||||
14:41:53||Wallpapers Nord/830588.jpg|INST_NEW|Down|1589095030|39e9aa0fd5f9bcc7ef447b4b137cdcdf|176078|00001148ocnyd38tmecj|4||0|0|0||||
14:41:53||Wallpapers Nord/203553.jpg|INST_NEW|Down|1589095066|38379e0d439abb8b26720e8368cb9e91|493237|00001151ocnyd38tmecj|4||0|0|0||||
14:41:51||Wallpapers Nord/1216685.jpg|INST_NEW|Down|1589095121|eb7c6345c59f12def132704814771f45|1844597|00001163ocnyd38tmecj|4||0|0|0||||
14:41:53||Wallpapers Nord/160824.jpg|INST_NEW|Down|1589094994|cb68958f13da31d681b320ab0b5af9ad|107720|00001133ocnyd38tmecj|4||0|0|0||||
14:41:54||Wallpapers Nord/99836.jpg|INST_NEW|Down|1589095024|11a0ad16a1b6b328af46404c10632c26|94834|00001154ocnyd38tmecj|4||0|0|0||||
14:41:53||Wallpapers Nord/885286.jpg|INST_NEW|Down|1589094966|f8a8dffe89c241d76adf6624eaaabd3f|554476|00001160ocnyd38tmecj|4||0|0|0||||
14:41:54||Wallpapers Nord/99790.jpg|INST_NEW|Down|1589095003|cf910961e8fb623a147c13cf5396c98b|468443|00001157ocnyd38tmecj|4||0|0|0||||
14:41:54||практика новая.docx|INST_NEW|Down|1595597088|d1fda8a9b58b7c21573e165310018721|362901|00000965ocnyd38tmecj|4||0|0|0||||
14:41:53||Wallpapers Nord/30115.png|INST_NEW|Down|1589095148|615b5dfc6b4c5a07eb192b69da248fed|1766604|00001166ocnyd38tmecj|4||0|0|0||||
14:41:54||Wallpapers Nord/wallhaven-r2jedw.jpg|INST_NEW|Down|1588655306|61d259129ae292c09b47d5dae3822bd3|2709456|00001169ocnyd38tmecj|4||0|0|0||||
#=#=#=# Syncrun finished 2020-07-25T14:41:58Z (last step: 11164 msec, total: 12621 msec)
